{"/home/diction/Desktop/Regitsrations-with-Express/regex-expressions/regex.js":{"path":"/home/diction/Desktop/Regitsrations-with-Express/regex-expressions/regex.js","s":{"1":1,"2":14,"3":43,"4":43,"5":43,"6":14,"7":15,"8":15,"9":15,"10":14,"11":0,"12":0,"13":0,"14":14,"15":0,"16":0,"17":0,"18":14,"19":0,"20":0,"21":0,"22":14,"23":22,"24":22,"25":22,"26":14},"b":{},"f":{"1":14},"fnMap":{"1":{"name":"Regex","line":4,"loc":{"start":{"line":4,"column":17},"end":{"line":4,"column":34}}}},"statementMap":{"1":{"start":{"line":4,"column":0},"end":{"line":49,"column":2}},"2":{"start":{"line":5,"column":2},"end":{"line":9,"column":4}},"3":{"start":{"line":6,"column":4},"end":{"line":6,"column":53}},"4":{"start":{"line":7,"column":4},"end":{"line":7,"column":35}},"5":{"start":{"line":8,"column":4},"end":{"line":8,"column":16}},"6":{"start":{"line":11,"column":2},"end":{"line":15,"column":4}},"7":{"start":{"line":12,"column":4},"end":{"line":12,"column":53}},"8":{"start":{"line":13,"column":4},"end":{"line":13,"column":35}},"9":{"start":{"line":14,"column":4},"end":{"line":14,"column":16}},"10":{"start":{"line":17,"column":2},"end":{"line":21,"column":4}},"11":{"start":{"line":18,"column":4},"end":{"line":18,"column":53}},"12":{"start":{"line":19,"column":4},"end":{"line":19,"column":35}},"13":{"start":{"line":20,"column":4},"end":{"line":20,"column":16}},"14":{"start":{"line":23,"column":2},"end":{"line":27,"column":4}},"15":{"start":{"line":24,"column":4},"end":{"line":24,"column":43}},"16":{"start":{"line":25,"column":4},"end":{"line":25,"column":35}},"17":{"start":{"line":26,"column":4},"end":{"line":26,"column":16}},"18":{"start":{"line":29,"column":2},"end":{"line":33,"column":4}},"19":{"start":{"line":30,"column":4},"end":{"line":30,"column":41}},"20":{"start":{"line":31,"column":4},"end":{"line":31,"column":35}},"21":{"start":{"line":32,"column":4},"end":{"line":32,"column":16}},"22":{"start":{"line":35,"column":2},"end":{"line":39,"column":4}},"23":{"start":{"line":36,"column":4},"end":{"line":36,"column":32}},"24":{"start":{"line":37,"column":4},"end":{"line":37,"column":33}},"25":{"start":{"line":38,"column":4},"end":{"line":38,"column":16}},"26":{"start":{"line":41,"column":2},"end":{"line":48,"column":4}}},"branchMap":{}}}